<?xml version="1.0" encoding="UTF-8"?>
<testng-results skipped="0" failed="0" total="3" passed="3">
  <reporter-output>
  </reporter-output>
  <suite name="Suite" duration-ms="24063" started-at="2023-05-23T12:02:46Z" finished-at="2023-05-23T12:03:10Z">
    <groups>
    </groups>
    <test name="ChromeTest" duration-ms="9748" started-at="2023-05-23T12:02:46Z" finished-at="2023-05-23T12:02:56Z">
      <class name="TestNGPractise.CrossBrowserTest">
        <test-method status="PASS" signature="Init(java.lang.String)[pri:0, instance:TestNGPractise.CrossBrowserTest@2cc44ad]" name="Init" is-config="true" duration-ms="4657" started-at="2023-05-23T17:32:46Z" finished-at="2023-05-23T17:32:51Z">
          <params>
            <param index="0">
              <value>
                <![CDATA[chrome]]>
              </value>
            </param>
          </params>
          <reporter-output>
          </reporter-output>
        </test-method> <!-- Init -->
        <test-method status="PASS" signature="SourceforqualityPage()[pri:0, instance:TestNGPractise.CrossBrowserTest@2cc44ad]" name="SourceforqualityPage" duration-ms="4072" started-at="2023-05-23T17:32:51Z" finished-at="2023-05-23T17:32:55Z">
          <reporter-output>
          </reporter-output>
        </test-method> <!-- SourceforqualityPage -->
        <test-method status="PASS" signature="Post()[pri:0, instance:TestNGPractise.CrossBrowserTest@2cc44ad]" name="Post" is-config="true" duration-ms="995" started-at="2023-05-23T17:32:55Z" finished-at="2023-05-23T17:32:56Z">
          <reporter-output>
          </reporter-output>
        </test-method> <!-- Post -->
      </class> <!-- TestNGPractise.CrossBrowserTest -->
    </test> <!-- ChromeTest -->
    <test name="FireFoxTest" duration-ms="8785" started-at="2023-05-23T12:02:56Z" finished-at="2023-05-23T12:03:05Z">
      <class name="TestNGPractise.CrossBrowserTest">
        <test-method status="PASS" signature="Init(java.lang.String)[pri:0, instance:TestNGPractise.CrossBrowserTest@3401a114]" name="Init" is-config="true" duration-ms="4371" started-at="2023-05-23T17:32:56Z" finished-at="2023-05-23T17:33:00Z">
          <params>
            <param index="0">
              <value>
                <![CDATA[firefox]]>
              </value>
            </param>
          </params>
          <reporter-output>
          </reporter-output>
        </test-method> <!-- Init -->
        <test-method status="PASS" signature="SourceforqualityPage()[pri:0, instance:TestNGPractise.CrossBrowserTest@3401a114]" name="SourceforqualityPage" duration-ms="2939" started-at="2023-05-23T17:33:00Z" finished-at="2023-05-23T17:33:03Z">
          <reporter-output>
          </reporter-output>
        </test-method> <!-- SourceforqualityPage -->
        <test-method status="PASS" signature="Post()[pri:0, instance:TestNGPractise.CrossBrowserTest@3401a114]" name="Post" is-config="true" duration-ms="1460" started-at="2023-05-23T17:33:03Z" finished-at="2023-05-23T17:33:05Z">
          <reporter-output>
          </reporter-output>
        </test-method> <!-- Post -->
      </class> <!-- TestNGPractise.CrossBrowserTest -->
    </test> <!-- FireFoxTest -->
    <test name="EdgeTest" duration-ms="5485" started-at="2023-05-23T12:03:05Z" finished-at="2023-05-23T12:03:10Z">
      <class name="TestNGPractise.CrossBrowserTest">
        <test-method status="PASS" signature="Init(java.lang.String)[pri:0, instance:TestNGPractise.CrossBrowserTest@5a7005d]" name="Init" is-config="true" duration-ms="2350" started-at="2023-05-23T17:33:05Z" finished-at="2023-05-23T17:33:07Z">
          <params>
            <param index="0">
              <value>
                <![CDATA[edge]]>
              </value>
            </param>
          </params>
          <reporter-output>
          </reporter-output>
        </test-method> <!-- Init -->
        <test-method status="PASS" signature="SourceforqualityPage()[pri:0, instance:TestNGPractise.CrossBrowserTest@5a7005d]" name="SourceforqualityPage" duration-ms="2134" started-at="2023-05-23T17:33:07Z" finished-at="2023-05-23T17:33:09Z">
          <reporter-output>
          </reporter-output>
        </test-method> <!-- SourceforqualityPage -->
        <test-method status="PASS" signature="Post()[pri:0, instance:TestNGPractise.CrossBrowserTest@5a7005d]" name="Post" is-config="true" duration-ms="999" started-at="2023-05-23T17:33:09Z" finished-at="2023-05-23T17:33:10Z">
          <reporter-output>
          </reporter-output>
        </test-method> <!-- Post -->
      </class> <!-- TestNGPractise.CrossBrowserTest -->
    </test> <!-- EdgeTest -->
  </suite> <!-- Suite -->
</testng-results>
